#
# A fatal error has been detected by the Java Runtime Environment:
#
#  EXCEPTION_ACCESS_VIOLATION (0xc0000005) at pc=0x0000000000000000, pid=10412, tid=0x0000000000002774
#
# JRE version: Java(TM) SE Runtime Environment (8.0_291-b10) (build 1.8.0_291-b10)
# Java VM: Java HotSpot(TM) 64-Bit Server VM (25.291-b10 mixed mode windows-amd64 compressed oops)
# Problematic frame:
# C  0x0000000000000000
#
# Failed to write core dump. Minidumps are not enabled by default on client versions of Windows
#
# If you would like to submit a bug report, please visit:
#   http://bugreport.java.com/bugreport/crash.jsp
# The crash happened outside the Java Virtual Machine in native code.
# See problematic frame for where to report the bug.
#

---------------  T H R E A D  ---------------

Current thread (0x000001baa50b3800):  JavaThread "main" [_thread_in_native, id=10100, stack(0x000000403c100000,0x000000403c200000)]

siginfo: ExceptionCode=0xc0000005, ExceptionInformation=0x0000000000000008 0x0000000000000000

Registers:
RAX=0xffffffffffffffff, RBX=0x000000006f2310a8, RCX=0x0000000000000000, RDX=0xffffffffffffffff
RSP=0x000000403c1fdee8, RBP=0x000000006f22f0a0, RSI=0xffffffffffffffff, RDI=0x0000000000000007
R8 =0x00000000000005af, R9 =0x000000000000005a, R10=0x0000000000000096, R11=0x0000000000000246
R12=0x000000403c1fdf18, R13=0x000001bac810c030, R14=0x0000000000008e98, R15=0x0000000000000009
RIP=0x0000000000000000, EFLAGS=0x0000000000010246

Top of Stack: (sp=0x000000403c1fdee8)
0x000000403c1fdee8:   000000006da358ab 00007ff8cb7e22c0
0x000000403c1fdef8:   000001bb14b3e330 000000403c1fdf80
0x000000403c1fdf08:   0000000000000000 000000006da354e0
0x000000403c1fdf18:   0000000000000000 000001bac80d82b0
0x000000403c1fdf28:   0000000000000000 0000000000000001
0x000000403c1fdf38:   0000000000000014 000001bb14e81040
0x000000403c1fdf48:   00000000ffffffff 000001bac810c030
0x000000403c1fdf58:   000000006d7ca5a9 000001bb14b3e310
0x000000403c1fdf68:   000001bac8106790 000001bb14b3df90
0x000000403c1fdf78:   00007ff94553803d 000001bb14b3df90
0x000000403c1fdf88:   000001bb14b3df80 0000000000000000
0x000000403c1fdf98:   ffffffff00000000 000001bb14d36040
0x000000403c1fdfa8:   000001bb110ec090 000001bb14e81040
0x000000403c1fdfb8:   000001bb14b3e390 000000403c1fe080
0x000000403c1fdfc8:   000000403c1fe0a8 0000000000008e98
0x000000403c1fdfd8:   0000000000000014 0000000000000009 

Instructions: (pc=0x0000000000000000)
0xffffffffffffffe0:   


Register to memory mapping:

RAX=0xffffffffffffffff is an unknown value
RBX=0x000000006f2310a8 is an unknown value
RCX=0x0000000000000000 is an unknown value
RDX=0xffffffffffffffff is an unknown value
RSP=0x000000403c1fdee8 is pointing into the stack for thread: 0x000001baa50b3800
RBP=0x000000006f22f0a0 is an unknown value
RSI=0xffffffffffffffff is an unknown value
RDI=0x0000000000000007 is an unknown value
R8 =0x00000000000005af is an unknown value
R9 =0x000000000000005a is an unknown value
R10=0x0000000000000096 is an unknown value
R11=0x0000000000000246 is an unknown value
R12=0x000000403c1fdf18 is pointing into the stack for thread: 0x000001baa50b3800
R13=0x000001bac810c030 is an unknown value
R14=0x0000000000008e98 is an unknown value
R15=0x0000000000000009 is an unknown value


Stack: [0x000000403c100000,0x000000403c200000],  sp=0x000000403c1fdee8,  free space=1015k
Native frames: (J=compiled Java code, j=interpreted, Vv=VM code, C=native code)

Java frames: (J=compiled Java code, j=interpreted, Vv=VM code)
j  org.nd4j.nativeblas.Nd4jCpu.execCustomOp2(Lorg/bytedeco/javacpp/PointerPointer;JLorg/bytedeco/javacpp/Pointer;)I+0
j  org.nd4j.linalg.cpu.nativecpu.ops.NativeOpExecutioner.exec(Lorg/nd4j/linalg/api/ops/CustomOp;Lorg/nd4j/linalg/api/ops/OpContext;)[Lorg/nd4j/linalg/api/ndarray/INDArray;+98
j  org.nd4j.linalg.factory.Nd4j.exec(Lorg/nd4j/linalg/api/ops/CustomOp;Lorg/nd4j/linalg/api/ops/OpContext;)[Lorg/nd4j/linalg/api/ndarray/INDArray;+5
j  org.deeplearning4j.nn.layers.mkldnn.MKLDNNConvHelper.preOutput(Lorg/nd4j/linalg/api/ndarray/INDArray;Lorg/nd4j/linalg/api/ndarray/INDArray;Lorg/nd4j/linalg/api/ndarray/INDArray;[I[I[ILorg/deeplearning4j/nn/conf/layers/ConvolutionLayer$AlgoMode;Lorg/deeplearning4j/nn/conf/layers/ConvolutionLayer$FwdAlgo;Lorg/deeplearning4j/nn/conf/ConvolutionMode;[ILorg/deeplearning4j/nn/conf/CNN2DFormat;Lorg/deeplearning4j/nn/workspace/LayerWorkspaceMgr;)Lorg/nd4j/linalg/api/ndarray/INDArray;+498
j  org.deeplearning4j.nn.layers.convolution.ConvolutionLayer.preOutput(ZZLorg/deeplearning4j/nn/workspace/LayerWorkspaceMgr;)Lorg/nd4j/common/primitives/Pair;+613
j  org.deeplearning4j.nn.layers.convolution.ConvolutionLayer.activate(ZLorg/deeplearning4j/nn/workspace/LayerWorkspaceMgr;)Lorg/nd4j/linalg/api/ndarray/INDArray;+61
j  org.deeplearning4j.nn.layers.AbstractLayer.activate(Lorg/nd4j/linalg/api/ndarray/INDArray;ZLorg/deeplearning4j/nn/workspace/LayerWorkspaceMgr;)Lorg/nd4j/linalg/api/ndarray/INDArray;+9
j  org.deeplearning4j.nn.multilayer.MultiLayerNetwork.ffToLayerActivationsInWs(ILorg/deeplearning4j/nn/api/FwdPassType;ZLorg/nd4j/linalg/api/ndarray/INDArray;Lorg/nd4j/linalg/api/ndarray/INDArray;Lorg/nd4j/linalg/api/ndarray/INDArray;)Ljava/util/List;+383
j  org.deeplearning4j.nn.multilayer.MultiLayerNetwork.computeGradientAndScore()V+238
j  org.deeplearning4j.nn.multilayer.MultiLayerNetwork.computeGradientAndScore(Lorg/deeplearning4j/nn/workspace/LayerWorkspaceMgr;)V+1
j  org.deeplearning4j.optimize.solvers.BaseOptimizer.gradientAndScore(Lorg/deeplearning4j/nn/workspace/LayerWorkspaceMgr;)Lorg/nd4j/common/primitives/Pair;+13
j  org.deeplearning4j.optimize.solvers.StochasticGradientDescent.optimize(Lorg/deeplearning4j/nn/workspace/LayerWorkspaceMgr;)Z+85
j  org.deeplearning4j.optimize.Solver.optimize(Lorg/deeplearning4j/nn/workspace/LayerWorkspaceMgr;)V+9
j  org.deeplearning4j.nn.multilayer.MultiLayerNetwork.fitHelper(Lorg/nd4j/linalg/dataset/api/iterator/DataSetIterator;)V+541
j  org.deeplearning4j.nn.multilayer.MultiLayerNetwork.fit(Lorg/nd4j/linalg/dataset/api/iterator/DataSetIterator;)V+2
j  com.derhourhi.CNNModelMNIST.main([Ljava/lang/String;)V+884
v  ~StubRoutines::call_stub

---------------  P R O C E S S  ---------------

Java Threads: ( => current thread )
  0x000001babf1d6800 JavaThread "ADSI prefetch thread" daemon [_thread_in_native, id=12972, stack(0x000000403f400000,0x000000403f500000)]
  0x000001babe881800 JavaThread "vert.x-eventloop-thread-1" [_thread_in_native, id=5988, stack(0x000000403f300000,0x000000403f400000)]
  0x000001babdf0a000 JavaThread "vert.x-acceptor-thread-0" [_thread_in_native, id=2780, stack(0x000000403f200000,0x000000403f300000)]
  0x000001babe59f800 JavaThread "Thread-7" daemon [_thread_blocked, id=12684, stack(0x000000403f100000,0x000000403f200000)]
  0x000001babd818800 JavaThread "vert.x-eventloop-thread-0" [_thread_in_native, id=12244, stack(0x000000403f000000,0x000000403f100000)]
  0x000001babf9de800 JavaThread "Thread-5" daemon [_thread_in_native, id=12788, stack(0x000000403ef00000,0x000000403f000000)]
  0x000001babf5f0800 JavaThread "vertx-blocked-thread-checker" daemon [_thread_blocked, id=11304, stack(0x000000403ee00000,0x000000403ef00000)]
  0x000001babf0dc800 JavaThread "DeallocatorServiceThread_1" daemon [_thread_blocked, id=6808, stack(0x000000403e500000,0x000000403e600000)]
  0x000001babf0dc000 JavaThread "DeallocatorServiceThread_0" daemon [_thread_blocked, id=7520, stack(0x000000403e400000,0x000000403e500000)]
  0x000001babec62800 JavaThread "JavaCPP Deallocator" daemon [_thread_blocked, id=2284, stack(0x000000403d500000,0x000000403d600000)]
  0x000001babd132800 JavaThread "Service Thread" daemon [_thread_blocked, id=4092, stack(0x000000403d300000,0x000000403d400000)]
  0x000001babbd76000 JavaThread "C1 CompilerThread3" daemon [_thread_in_native, id=12280, stack(0x000000403d200000,0x000000403d300000)]
  0x000001babbd24800 JavaThread "C2 CompilerThread2" daemon [_thread_in_native, id=13016, stack(0x000000403d100000,0x000000403d200000)]
  0x000001babbd23000 JavaThread "C2 CompilerThread1" daemon [_thread_in_native, id=12792, stack(0x000000403d000000,0x000000403d100000)]
  0x000001babbd1f000 JavaThread "C2 CompilerThread0" daemon [_thread_in_native, id=4556, stack(0x000000403cf00000,0x000000403d000000)]
  0x000001babbd6b800 JavaThread "Attach Listener" daemon [_thread_blocked, id=6240, stack(0x000000403ce00000,0x000000403cf00000)]
  0x000001babbd6a800 JavaThread "Signal Dispatcher" daemon [_thread_blocked, id=5376, stack(0x000000403cd00000,0x000000403ce00000)]
  0x000001babb0eb800 JavaThread "Finalizer" daemon [_thread_blocked, id=11580, stack(0x000000403cc00000,0x000000403cd00000)]
  0x000001babbce9800 JavaThread "Reference Handler" daemon [_thread_blocked, id=11820, stack(0x000000403cb00000,0x000000403cc00000)]
=>0x000001baa50b3800 JavaThread "main" [_thread_in_native, id=10100, stack(0x000000403c100000,0x000000403c200000)]

Other Threads:
  0x000001babbcc2800 VMThread [stack: 0x000000403ca00000,0x000000403cb00000] [id=9732]
  0x000001babd16a000 WatcherThread [stack: 0x000000403d400000,0x000000403d500000] [id=2120]

VM state:not at safepoint (normal execution)

VM Mutex/Monitor currently owned by a thread: None

heap address: 0x0000000082000000, size: 2016 MB, Compressed Oops mode: 32-bit
Narrow klass base: 0x0000000000000000, Narrow klass shift: 3
Compressed class space size: 1073741824 Address: 0x0000000100000000

Heap:
 PSYoungGen      total 659456K, used 208790K [0x00000000d6000000, 0x0000000100000000, 0x0000000100000000)
  eden space 633856K, 32% used [0x00000000d6000000,0x00000000e2be5bb0,0x00000000fcb00000)
  from space 25600K, 0% used [0x00000000fcb00000,0x00000000fcb00000,0x00000000fe400000)
  to   space 28160K, 0% used [0x00000000fe480000,0x00000000fe480000,0x0000000100000000)
 ParOldGen       total 94208K, used 36814K [0x0000000082000000, 0x0000000087c00000, 0x00000000d6000000)
  object space 94208K, 39% used [0x0000000082000000,0x00000000843f3bb8,0x0000000087c00000)
 Metaspace       used 32585K, capacity 32942K, committed 33152K, reserved 1079296K
  class space    used 3557K, capacity 3666K, committed 3712K, reserved 1048576K

Card table byte_map: [0x000001bab5e30000,0x000001bab6230000] byte_map_base: 0x000001bab5a20000

Marking Bits: (ParMarkBitMap*) 0x000000005fa37fe0
 Begin Bits: [0x000001bab64d0000, 0x000001bab8450000)
 End Bits:   [0x000001bab8450000, 0x000001baba3d0000)

Polling page: 0x000001baa5250000

CodeCache: size=245760Kb used=6748Kb max_used=7731Kb free=239011Kb
 bounds [0x000001baa6a70000, 0x000001baa7210000, 0x000001bab5a70000]
 total_blobs=2823 nmethods=1684 adapters=1051
 compilation: enabled

Compilation events (10 events):
Event: 8.822 Thread 0x000001babbd76000 2009       1       org.nd4j.linalg.api.ndarray.BaseNDArray::isCompressed (5 bytes)
Event: 8.822 Thread 0x000001babbd76000 nmethod 2009 0x000001baa7024c10 code [0x000001baa7024d60, 0x000001baa7024e78]
Event: 8.822 Thread 0x000001babbd76000 2010       3       java.net.URI$Parser::parseHierarchical (180 bytes)
Event: 8.824 Thread 0x000001babbd76000 nmethod 2010 0x000001baa6c76310 code [0x000001baa6c76640, 0x000001baa6c77e90]
Event: 8.824 Thread 0x000001babbd76000 2013       3       org.bytedeco.javacpp.Pointer$DeallocatorReference::<init> (50 bytes)
Event: 8.825 Thread 0x000001babbd76000 nmethod 2013 0x000001baa6ba79d0 code [0x000001baa6ba7b80, 0x000001baa6ba8190]
Event: 8.825 Thread 0x000001babbd76000 2011       3       org.datavec.api.util.files.FileFromPathIterator::hasNext (10 bytes)
Event: 8.825 Thread 0x000001babbd76000 nmethod 2011 0x000001baa7024790 code [0x000001baa7024900, 0x000001baa7024b30]
Event: 8.825 Thread 0x000001babbd76000 2012       1       org.datavec.api.io.labels.ParentPathLabelGenerator::inferLabelClasses (2 bytes)
Event: 8.825 Thread 0x000001babbd76000 nmethod 2012 0x000001baa6ba7710 code [0x000001baa6ba7860, 0x000001baa6ba7978]

GC Heap History (10 events):
Event: 3.943 GC heap before
{Heap before GC invocations=10 (full 0):
 PSYoungGen      total 291328K, used 262432K [0x00000000d6000000, 0x00000000f3100000, 0x0000000100000000)
  eden space 262144K, 100% used [0x00000000d6000000,0x00000000e6000000,0x00000000e6000000)
  from space 29184K, 0% used [0x00000000e6000000,0x00000000e6048000,0x00000000e7c80000)
  to   space 28160K, 0% used [0x00000000f1580000,0x00000000f1580000,0x00000000f3100000)
 ParOldGen       total 86016K, used 40898K [0x0000000082000000, 0x0000000087400000, 0x00000000d6000000)
  object space 86016K, 47% used [0x0000000082000000,0x00000000847f0b08,0x0000000087400000)
 Metaspace       used 10317K, capacity 10456K, committed 10752K, reserved 1058816K
  class space    used 658K, capacity 689K, committed 768K, reserved 1048576K
Event: 3.944 GC heap after
Heap after GC invocations=10 (full 0):
 PSYoungGen      total 446976K, used 192K [0x00000000d6000000, 0x00000000f3000000, 0x0000000100000000)
  eden space 419840K, 0% used [0x00000000d6000000,0x00000000d6000000,0x00000000efa00000)
  from space 27136K, 0% used [0x00000000f1580000,0x00000000f15b0000,0x00000000f3000000)
  to   space 27648K, 0% used [0x00000000efa00000,0x00000000efa00000,0x00000000f1500000)
 ParOldGen       total 86016K, used 41130K [0x0000000082000000, 0x0000000087400000, 0x00000000d6000000)
  object space 86016K, 47% used [0x0000000082000000,0x000000008482ab08,0x0000000087400000)
 Metaspace       used 10317K, capacity 10456K, committed 10752K, reserved 1058816K
  class space    used 658K, capacity 689K, committed 768K, reserved 1048576K
}
Event: 4.482 GC heap before
{Heap before GC invocations=11 (full 0):
 PSYoungGen      total 446976K, used 420032K [0x00000000d6000000, 0x00000000f3000000, 0x0000000100000000)
  eden space 419840K, 100% used [0x00000000d6000000,0x00000000efa00000,0x00000000efa00000)
  from space 27136K, 0% used [0x00000000f1580000,0x00000000f15b0000,0x00000000f3000000)
  to   space 27648K, 0% used [0x00000000efa00000,0x00000000efa00000,0x00000000f1500000)
 ParOldGen       total 86016K, used 41130K [0x0000000082000000, 0x0000000087400000, 0x00000000d6000000)
  object space 86016K, 47% used [0x0000000082000000,0x000000008482ab08,0x0000000087400000)
 Metaspace       used 10318K, capacity 10456K, committed 10752K, reserved 1058816K
  class space    used 658K, capacity 689K, committed 768K, reserved 1048576K
Event: 4.483 GC heap after
Heap after GC invocations=11 (full 0):
 PSYoungGen      total 447488K, used 128K [0x00000000d6000000, 0x00000000ffe80000, 0x0000000100000000)
  eden space 419840K, 0% used [0x00000000d6000000,0x00000000d6000000,0x00000000efa00000)
  from space 27648K, 0% used [0x00000000efa00000,0x00000000efa20000,0x00000000f1500000)
  to   space 26624K, 0% used [0x00000000fe480000,0x00000000fe480000,0x00000000ffe80000)
 ParOldGen       total 86016K, used 41162K [0x0000000082000000, 0x0000000087400000, 0x00000000d6000000)
  object space 86016K, 47% used [0x0000000082000000,0x0000000084832b08,0x0000000087400000)
 Metaspace       used 10318K, capacity 10456K, committed 10752K, reserved 1058816K
  class space    used 658K, capacity 689K, committed 768K, reserved 1048576K
}
Event: 5.064 GC heap before
{Heap before GC invocations=12 (full 0):
 PSYoungGen      total 447488K, used 419968K [0x00000000d6000000, 0x00000000ffe80000, 0x0000000100000000)
  eden space 419840K, 100% used [0x00000000d6000000,0x00000000efa00000,0x00000000efa00000)
  from space 27648K, 0% used [0x00000000efa00000,0x00000000efa20000,0x00000000f1500000)
  to   space 26624K, 0% used [0x00000000fe480000,0x00000000fe480000,0x00000000ffe80000)
 ParOldGen       total 86016K, used 41162K [0x0000000082000000, 0x0000000087400000, 0x00000000d6000000)
  object space 86016K, 47% used [0x0000000082000000,0x0000000084832b08,0x0000000087400000)
 Metaspace       used 10484K, capacity 10584K, committed 10752K, reserved 1058816K
  class space    used 680K, capacity 689K, committed 768K, reserved 1048576K
Event: 5.065 GC heap after
Heap after GC invocations=12 (full 0):
 PSYoungGen      total 658944K, used 256K [0x00000000d6000000, 0x00000000ffd00000, 0x0000000100000000)
  eden space 633856K, 0% used [0x00000000d6000000,0x00000000d6000000,0x00000000fcb00000)
  from space 25088K, 1% used [0x00000000fe480000,0x00000000fe4c0000,0x00000000ffd00000)
  to   space 25600K, 0% used [0x00000000fcb00000,0x00000000fcb00000,0x00000000fe400000)
 ParOldGen       total 86016K, used 41194K [0x0000000082000000, 0x0000000087400000, 0x00000000d6000000)
  object space 86016K, 47% used [0x0000000082000000,0x000000008483ab08,0x0000000087400000)
 Metaspace       used 10484K, capacity 10584K, committed 10752K, reserved 1058816K
  class space    used 680K, capacity 689K, committed 768K, reserved 1048576K
}
Event: 6.984 GC heap before
{Heap before GC invocations=13 (full 0):
 PSYoungGen      total 658944K, used 604345K [0x00000000d6000000, 0x00000000ffd00000, 0x0000000100000000)
  eden space 633856K, 95% used [0x00000000d6000000,0x00000000fadee678,0x00000000fcb00000)
  from space 25088K, 1% used [0x00000000fe480000,0x00000000fe4c0000,0x00000000ffd00000)
  to   space 25600K, 0% used [0x00000000fcb00000,0x00000000fcb00000,0x00000000fe400000)
 ParOldGen       total 86016K, used 41194K [0x0000000082000000, 0x0000000087400000, 0x00000000d6000000)
  object space 86016K, 47% used [0x0000000082000000,0x000000008483ab08,0x0000000087400000)
 Metaspace       used 21019K, capacity 21164K, committed 21248K, reserved 1069056K
  class space    used 2214K, capacity 2299K, committed 2304K, reserved 1048576K
Event: 6.994 GC heap after
Heap after GC invocations=13 (full 0):
 PSYoungGen      total 659456K, used 17875K [0x00000000d6000000, 0x0000000100000000, 0x0000000100000000)
  eden space 633856K, 0% used [0x00000000d6000000,0x00000000d6000000,0x00000000fcb00000)
  from space 25600K, 69% used [0x00000000fcb00000,0x00000000fdc74c20,0x00000000fe400000)
  to   space 28160K, 0% used [0x00000000fe480000,0x00000000fe480000,0x0000000100000000)
 ParOldGen       total 86016K, used 41242K [0x0000000082000000, 0x0000000087400000, 0x00000000d6000000)
  object space 86016K, 47% used [0x0000000082000000,0x0000000084846b08,0x0000000087400000)
 Metaspace       used 21019K, capacity 21164K, committed 21248K, reserved 1069056K
  class space    used 2214K, capacity 2299K, committed 2304K, reserved 1048576K
}
Event: 6.994 GC heap before
{Heap before GC invocations=14 (full 1):
 PSYoungGen      total 659456K, used 17875K [0x00000000d6000000, 0x0000000100000000, 0x0000000100000000)
  eden space 633856K, 0% used [0x00000000d6000000,0x00000000d6000000,0x00000000fcb00000)
  from space 25600K, 69% used [0x00000000fcb00000,0x00000000fdc74c20,0x00000000fe400000)
  to   space 28160K, 0% used [0x00000000fe480000,0x00000000fe480000,0x0000000100000000)
 ParOldGen       total 86016K, used 41242K [0x0000000082000000, 0x0000000087400000, 0x00000000d6000000)
  object space 86016K, 47% used [0x0000000082000000,0x0000000084846b08,0x0000000087400000)
 Metaspace       used 21019K, capacity 21164K, committed 21248K, reserved 1069056K
  class space    used 2214K, capacity 2299K, committed 2304K, reserved 1048576K
Event: 7.014 GC heap after
Heap after GC invocations=14 (full 1):
 PSYoungGen      total 659456K, used 0K [0x00000000d6000000, 0x0000000100000000, 0x0000000100000000)
  eden space 633856K, 0% used [0x00000000d6000000,0x00000000d6000000,0x00000000fcb00000)
  from space 25600K, 0% used [0x00000000fcb00000,0x00000000fcb00000,0x00000000fe400000)
  to   space 28160K, 0% used [0x00000000fe480000,0x00000000fe480000,0x0000000100000000)
 ParOldGen       total 94208K, used 36814K [0x0000000082000000, 0x0000000087c00000, 0x00000000d6000000)
  object space 94208K, 39% used [0x0000000082000000,0x00000000843f3bb8,0x0000000087c00000)
 Metaspace       used 21019K, capacity 21164K, committed 21248K, reserved 1069056K
  class space    used 2214K, capacity 2299K, committed 2304K, reserved 1048576K
}

Deoptimization events (10 events):
Event: 7.452 Thread 0x000001baa50b3800 Uncommon trap: reason=class_check action=maybe_recompile pc=0x000001baa6f03a90 method=java.util.regex.Pattern$Slice.match(Ljava/util/regex/Matcher;ILjava/lang/CharSequence;)Z @ 75
Event: 7.454 Thread 0x000001baa50b3800 Uncommon trap: reason=unstable_if action=reinterpret pc=0x000001baa6e2f3a8 method=java.io.WinNTFileSystem.prefixLength(Ljava/lang/String;)I @ 42
Event: 7.476 Thread 0x000001baa50b3800 Uncommon trap: reason=class_check action=maybe_recompile pc=0x000001baa702af90 method=java.util.HashSet.add(Ljava/lang/Object;)Z @ 8
Event: 7.653 Thread 0x000001baa50b3800 Uncommon trap: reason=unstable_if action=reinterpret pc=0x000001baa6f0a9f0 method=java.io.WinNTFileSystem.normalize(Ljava/lang/String;)Ljava/lang/String; @ 74
Event: 7.653 Thread 0x000001baa50b3800 Uncommon trap: reason=unstable_if action=reinterpret pc=0x000001baa6efe410 method=java.io.WinNTFileSystem.normalize(Ljava/lang/String;II)Ljava/lang/String; @ 103
Event: 7.675 Thread 0x000001baa50b3800 Uncommon trap: reason=unstable_if action=reinterpret pc=0x000001baa6d34304 method=java.net.URI$Parser.parseHierarchical(II)I @ 44
Event: 7.675 Thread 0x000001baa50b3800 Uncommon trap: reason=unstable_if action=reinterpret pc=0x000001baa6cdd180 method=java.net.URI.match(CJJ)Z @ 19
Event: 7.675 Thread 0x000001baa50b3800 Uncommon trap: reason=unstable_if action=reinterpret pc=0x000001baa6cd7f08 method=java.net.URI.match(CJJ)Z @ 19
Event: 7.675 Thread 0x000001baa50b3800 Uncommon trap: reason=unstable_if action=reinterpret pc=0x000001baa6cd21c8 method=java.net.URI.match(CJJ)Z @ 19
Event: 8.583 Thread 0x000001baa50b3800 Uncommon trap: reason=class_check action=maybe_recompile pc=0x000001baa6cadd6c method=java.util.jar.JarFile.getJarEntry(Ljava/lang/String;)Ljava/util/jar/JarEntry; @ 2

Classes redefined (0 events):
No events

Internal exceptions (10 events):
Event: 0.306 Thread 0x000001baa50b3800 Exception <a 'java/security/PrivilegedActionException'> (0x00000000d7153500) thrown at [C:\jenkins\workspace\8-2-build-windows-amd64-cygwin\jdk8u291\1294\hotspot\src\share\vm\prims\jvm.cpp, line 1523]
Event: 0.306 Thread 0x000001baa50b3800 Exception <a 'java/security/PrivilegedActionException'> (0x00000000d7153710) thrown at [C:\jenkins\workspace\8-2-build-windows-amd64-cygwin\jdk8u291\1294\hotspot\src\share\vm\prims\jvm.cpp, line 1523]
Event: 3.038 Thread 0x000001baa50b3800 Exception <a 'sun/nio/fs/WindowsException'> (0x00000000d8f66ed8) thrown at [C:\jenkins\workspace\8-2-build-windows-amd64-cygwin\jdk8u291\1294\hotspot\src\share\vm\prims\jni.cpp, line 710]
Event: 6.692 Thread 0x000001baa50b3800 Exception <a 'java/lang/NoSuchFieldError': method resolution failed> (0x00000000f78abe90) thrown at [C:\jenkins\workspace\8-2-build-windows-amd64-cygwin\jdk8u291\1294\hotspot\src\share\vm\prims\methodHandles.cpp, line 1169]
Event: 6.693 Thread 0x000001baa50b3800 Exception <a 'java/lang/NoSuchFieldError': method resolution failed> (0x00000000f78b9550) thrown at [C:\jenkins\workspace\8-2-build-windows-amd64-cygwin\jdk8u291\1294\hotspot\src\share\vm\prims\methodHandles.cpp, line 1169]
Event: 7.054 Thread 0x000001baa50b3800 Exception <a 'java/lang/ArrayIndexOutOfBoundsException': 18> (0x00000000d722a2a8) thrown at [C:\jenkins\workspace\8-2-build-windows-amd64-cygwin\jdk8u291\1294\hotspot\src\share\vm\interpreter\interpreterRuntime.cpp, line 371]
Event: 7.071 Thread 0x000001baa50b3800 Exception <a 'java/lang/ArrayIndexOutOfBoundsException': 359> (0x00000000d75df8e8) thrown at [C:\jenkins\workspace\8-2-build-windows-amd64-cygwin\jdk8u291\1294\hotspot\src\share\vm\interpreter\interpreterRuntime.cpp, line 371]
Event: 7.354 Thread 0x000001baa50b3800 Exception <a 'java/lang/NoSuchMethodError': java.lang.Object.lambda$compose$3(Ljava/util/function/Function;Lio/vertx/core/Promise;Ljava/util/function/Function;Lio/vertx/core/AsyncResult;)V> (0x00000000db14b930) thrown at [C:\jenkins\workspace\8-2-build-wi
Event: 7.664 Thread 0x000001baa50b3800 Exception <a 'java/io/FileNotFoundException'> (0x00000000db8f3e00) thrown at [C:\jenkins\workspace\8-2-build-windows-amd64-cygwin\jdk8u291\1294\hotspot\src\share\vm\prims\jni.cpp, line 710]
Event: 8.148 Thread 0x000001babd818800 Exception <a 'java/io/FileNotFoundException'> (0x00000000de633818) thrown at [C:\jenkins\workspace\8-2-build-windows-amd64-cygwin\jdk8u291\1294\hotspot\src\share\vm\prims\jni.cpp, line 710]

Events (10 events):
Event: 8.790 loading class org/nd4j/linalg/api/ops/ExecutionMode
Event: 8.790 loading class org/nd4j/linalg/api/ops/ExecutionMode done
Event: 8.791 loading class org/nd4j/linalg/cpu/nativecpu/ops/CpuOpContextDeallocator
Event: 8.791 loading class org/nd4j/linalg/cpu/nativecpu/ops/CpuOpContextDeallocator done
Event: 8.793 loading class org/nd4j/linalg/api/ops/impl/layers/convolution/Conv2D
Event: 8.793 loading class org/nd4j/linalg/api/ops/impl/layers/convolution/Conv2D done
Event: 8.800 loading class org/nd4j/linalg/api/ops/CustomOpDescriptor
Event: 8.800 loading class org/nd4j/linalg/api/ops/CustomOpDescriptor done
Event: 8.801 loading class org/nd4j/linalg/api/ops/CustomOpDescriptor$CustomOpDescriptorBuilder
Event: 8.801 loading class org/nd4j/linalg/api/ops/CustomOpDescriptor$CustomOpDescriptorBuilder done


Dynamic libraries:
0x00007ff71cd60000 - 0x00007ff71cda7000 	C:\Program Files\Java\jdk1.8.0_291\bin\java.exe
0x00007ff945520000 - 0x00007ff94570d000 	C:\Windows\SYSTEM32\ntdll.dll
0x00007ff943460000 - 0x00007ff943513000 	C:\Windows\System32\KERNEL32.DLL
0x00007ff941910000 - 0x00007ff941ba5000 	C:\Windows\System32\KERNELBASE.dll
0x00007ff9430c0000 - 0x00007ff943163000 	C:\Windows\System32\ADVAPI32.dll
0x00007ff943e00000 - 0x00007ff943e9e000 	C:\Windows\System32\msvcrt.dll
0x00007ff943d60000 - 0x00007ff943dfe000 	C:\Windows\System32\sechost.dll
0x00007ff943ea0000 - 0x00007ff943fbf000 	C:\Windows\System32\RPCRT4.dll
0x00007ff943b40000 - 0x00007ff943cd7000 	C:\Windows\System32\USER32.dll
0x00007ff9418a0000 - 0x00007ff9418c0000 	C:\Windows\System32\win32u.dll
0x00007ff943fc0000 - 0x00007ff943fe9000 	C:\Windows\System32\GDI32.dll
0x00007ff941e60000 - 0x00007ff941ffc000 	C:\Windows\System32\gdi32full.dll
0x00007ff941610000 - 0x00007ff9416b0000 	C:\Windows\System32\msvcp_win.dll
0x00007ff941d00000 - 0x00007ff941dfa000 	C:\Windows\System32\ucrtbase.dll
0x00007ff92d0c0000 - 0x00007ff92d339000 	C:\Windows\WinSxS\amd64_microsoft.windows.common-controls_6595b64144ccf1df_6.0.17763.1935_none_de70702c534c0c76\COMCTL32.dll
0x00007ff942d90000 - 0x00007ff9430bd000 	C:\Windows\System32\combase.dll
0x00007ff941c60000 - 0x00007ff941cdf000 	C:\Windows\System32\bcryptPrimitives.dll
0x00007ff943520000 - 0x00007ff94354e000 	C:\Windows\System32\IMM32.DLL
0x00007ff9319b0000 - 0x00007ff9319c5000 	C:\Program Files\Java\jdk1.8.0_291\jre\bin\vcruntime140.dll
0x00007ff8ec170000 - 0x00007ff8ec20b000 	C:\Program Files\Java\jdk1.8.0_291\jre\bin\msvcp140.dll
0x000000005f250000 - 0x000000005fab0000 	C:\Program Files\Java\jdk1.8.0_291\jre\bin\server\jvm.dll
0x00007ff943ce0000 - 0x00007ff943ce8000 	C:\Windows\System32\PSAPI.DLL
0x00007ff93ed60000 - 0x00007ff93ed84000 	C:\Windows\SYSTEM32\WINMM.dll
0x00007ff936770000 - 0x00007ff93677a000 	C:\Windows\SYSTEM32\VERSION.dll
0x00007ff9253a0000 - 0x00007ff9253a9000 	C:\Windows\SYSTEM32\WSOCK32.dll
0x00007ff943960000 - 0x00007ff9439cd000 	C:\Windows\System32\WS2_32.dll
0x00007ff93ed30000 - 0x00007ff93ed5d000 	C:\Windows\SYSTEM32\winmmbase.dll
0x00007ff9418c0000 - 0x00007ff94190a000 	C:\Windows\System32\cfgmgr32.dll
0x00007ff9415a0000 - 0x00007ff9415b1000 	C:\Windows\System32\kernel.appcore.dll
0x00007ff934760000 - 0x00007ff934770000 	C:\Program Files\Java\jdk1.8.0_291\jre\bin\verify.dll
0x00007ff931980000 - 0x00007ff9319ab000 	C:\Program Files\Java\jdk1.8.0_291\jre\bin\java.dll
0x00007ff931960000 - 0x00007ff931978000 	C:\Program Files\Java\jdk1.8.0_291\jre\bin\zip.dll
0x00007ff943ff0000 - 0x00007ff9454e9000 	C:\Windows\System32\SHELL32.dll
0x00007ff9435b0000 - 0x00007ff943658000 	C:\Windows\System32\shcore.dll
0x00007ff942000000 - 0x00007ff94274b000 	C:\Windows\System32\windows.storage.dll
0x00007ff941510000 - 0x00007ff941534000 	C:\Windows\System32\profapi.dll
0x00007ff941540000 - 0x00007ff94159d000 	C:\Windows\System32\powrprof.dll
0x00007ff943170000 - 0x00007ff9431c2000 	C:\Windows\System32\shlwapi.dll
0x00007ff941ce0000 - 0x00007ff941cf7000 	C:\Windows\System32\cryptsp.dll
0x000001babfc70000 - 0x000001babfc73000 	C:\Users\BD\.javacpp\cache\javacpp-1.5.5-windows-x86_64.jar\org\bytedeco\javacpp\windows-x86_64\api-ms-win-crt-locale-l1-1-0.dll
0x00007ff931940000 - 0x00007ff93195c000 	C:\Program Files\Java\jdk1.8.0_291\jre\bin\net.dll
0x00007ff940cf0000 - 0x00007ff940d57000 	C:\Windows\system32\mswsock.dll
0x00007ff92e2b0000 - 0x00007ff92e2c3000 	C:\Program Files\Java\jdk1.8.0_291\jre\bin\nio.dll
0x000001babfc80000 - 0x000001babfc84000 	C:\Users\BD\.javacpp\cache\javacpp-1.5.5-windows-x86_64.jar\org\bytedeco\javacpp\windows-x86_64\api-ms-win-crt-string-l1-1-0.dll
0x000001babfc90000 - 0x000001babfc94000 	C:\Users\BD\.javacpp\cache\javacpp-1.5.5-windows-x86_64.jar\org\bytedeco\javacpp\windows-x86_64\api-ms-win-crt-stdio-l1-1-0.dll
0x000001babfca0000 - 0x000001babfca5000 	C:\Users\BD\.javacpp\cache\javacpp-1.5.5-windows-x86_64.jar\org\bytedeco\javacpp\windows-x86_64\api-ms-win-crt-math-l1-1-0.dll
0x000001babfcb0000 - 0x000001babfcb3000 	C:\Users\BD\.javacpp\cache\javacpp-1.5.5-windows-x86_64.jar\org\bytedeco\javacpp\windows-x86_64\api-ms-win-crt-heap-l1-1-0.dll
0x000001babfcc0000 - 0x000001babfcc4000 	C:\Users\BD\.javacpp\cache\javacpp-1.5.5-windows-x86_64.jar\org\bytedeco\javacpp\windows-x86_64\api-ms-win-crt-runtime-l1-1-0.dll
0x000001babfcd0000 - 0x000001babfcd4000 	C:\Users\BD\.javacpp\cache\javacpp-1.5.5-windows-x86_64.jar\org\bytedeco\javacpp\windows-x86_64\api-ms-win-crt-convert-l1-1-0.dll
0x000001babfce0000 - 0x000001babfce3000 	C:\Users\BD\.javacpp\cache\javacpp-1.5.5-windows-x86_64.jar\org\bytedeco\javacpp\windows-x86_64\api-ms-win-crt-environment-l1-1-0.dll
0x000001babfcf0000 - 0x000001babfcf3000 	C:\Users\BD\.javacpp\cache\javacpp-1.5.5-windows-x86_64.jar\org\bytedeco\javacpp\windows-x86_64\api-ms-win-crt-time-l1-1-0.dll
0x000001babfd00000 - 0x000001babfd03000 	C:\Users\BD\.javacpp\cache\javacpp-1.5.5-windows-x86_64.jar\org\bytedeco\javacpp\windows-x86_64\api-ms-win-crt-filesystem-l1-1-0.dll
0x000001babfd10000 - 0x000001babfd13000 	C:\Users\BD\.javacpp\cache\javacpp-1.5.5-windows-x86_64.jar\org\bytedeco\javacpp\windows-x86_64\api-ms-win-crt-utility-l1-1-0.dll
0x000001babfd20000 - 0x000001babfd25000 	C:\Users\BD\.javacpp\cache\javacpp-1.5.5-windows-x86_64.jar\org\bytedeco\javacpp\windows-x86_64\api-ms-win-crt-multibyte-l1-1-0.dll
0x000001babfd30000 - 0x000001babfd33000 	C:\Users\BD\.javacpp\cache\javacpp-1.5.5-windows-x86_64.jar\org\bytedeco\javacpp\windows-x86_64\api-ms-win-core-string-l1-1-0.dll
0x000001babfd40000 - 0x000001babfd43000 	C:\Users\BD\.javacpp\cache\javacpp-1.5.5-windows-x86_64.jar\org\bytedeco\javacpp\windows-x86_64\api-ms-win-core-errorhandling-l1-1-0.dll
0x000001babfd50000 - 0x000001babfd53000 	C:\Users\BD\.javacpp\cache\javacpp-1.5.5-windows-x86_64.jar\org\bytedeco\javacpp\windows-x86_64\api-ms-win-core-timezone-l1-1-0.dll
0x000001babfd60000 - 0x000001babfd64000 	C:\Users\BD\.javacpp\cache\javacpp-1.5.5-windows-x86_64.jar\org\bytedeco\javacpp\windows-x86_64\api-ms-win-core-file-l1-1-0.dll
0x000001babfd70000 - 0x000001babfd73000 	C:\Users\BD\.javacpp\cache\javacpp-1.5.5-windows-x86_64.jar\org\bytedeco\javacpp\windows-x86_64\api-ms-win-core-namedpipe-l1-1-0.dll
0x000001babfd80000 - 0x000001babfd83000 	C:\Users\BD\.javacpp\cache\javacpp-1.5.5-windows-x86_64.jar\org\bytedeco\javacpp\windows-x86_64\api-ms-win-core-handle-l1-1-0.dll
0x000001babfd90000 - 0x000001babfd93000 	C:\Users\BD\.javacpp\cache\javacpp-1.5.5-windows-x86_64.jar\org\bytedeco\javacpp\windows-x86_64\api-ms-win-core-file-l2-1-0.dll
0x000001babfda0000 - 0x000001babfda3000 	C:\Users\BD\.javacpp\cache\javacpp-1.5.5-windows-x86_64.jar\org\bytedeco\javacpp\windows-x86_64\api-ms-win-core-heap-l1-1-0.dll
0x000001babfec0000 - 0x000001babfec3000 	C:\Users\BD\.javacpp\cache\javacpp-1.5.5-windows-x86_64.jar\org\bytedeco\javacpp\windows-x86_64\api-ms-win-core-libraryloader-l1-1-0.dll
0x000001babfed0000 - 0x000001babfed3000 	C:\Users\BD\.javacpp\cache\javacpp-1.5.5-windows-x86_64.jar\org\bytedeco\javacpp\windows-x86_64\api-ms-win-core-synch-l1-1-0.dll
0x000001babfdb0000 - 0x000001babfdb3000 	C:\Users\BD\.javacpp\cache\javacpp-1.5.5-windows-x86_64.jar\org\bytedeco\javacpp\windows-x86_64\api-ms-win-core-processthreads-l1-1-0.dll
0x000001babfdc0000 - 0x000001babfdc3000 	C:\Users\BD\.javacpp\cache\javacpp-1.5.5-windows-x86_64.jar\org\bytedeco\javacpp\windows-x86_64\api-ms-win-core-processenvironment-l1-1-0.dll
0x000001babfdd0000 - 0x000001babfdd3000 	C:\Users\BD\.javacpp\cache\javacpp-1.5.5-windows-x86_64.jar\org\bytedeco\javacpp\windows-x86_64\api-ms-win-core-datetime-l1-1-0.dll
0x000001babfde0000 - 0x000001babfde3000 	C:\Users\BD\.javacpp\cache\javacpp-1.5.5-windows-x86_64.jar\org\bytedeco\javacpp\windows-x86_64\api-ms-win-core-localization-l1-2-0.dll
0x000001babfdf0000 - 0x000001babfdf3000 	C:\Users\BD\.javacpp\cache\javacpp-1.5.5-windows-x86_64.jar\org\bytedeco\javacpp\windows-x86_64\api-ms-win-core-sysinfo-l1-1-0.dll
0x000001babfe00000 - 0x000001babfe03000 	C:\Users\BD\.javacpp\cache\javacpp-1.5.5-windows-x86_64.jar\org\bytedeco\javacpp\windows-x86_64\api-ms-win-core-synch-l1-2-0.dll
0x000001babfe10000 - 0x000001babfe13000 	C:\Users\BD\.javacpp\cache\javacpp-1.5.5-windows-x86_64.jar\org\bytedeco\javacpp\windows-x86_64\api-ms-win-core-console-l1-1-0.dll
0x000001babfe20000 - 0x000001babfe23000 	C:\Users\BD\.javacpp\cache\javacpp-1.5.5-windows-x86_64.jar\org\bytedeco\javacpp\windows-x86_64\api-ms-win-core-debug-l1-1-0.dll
0x000001babfe30000 - 0x000001babfe33000 	C:\Users\BD\.javacpp\cache\javacpp-1.5.5-windows-x86_64.jar\org\bytedeco\javacpp\windows-x86_64\api-ms-win-core-rtlsupport-l1-1-0.dll
0x000001babfe40000 - 0x000001babfe43000 	C:\Users\BD\.javacpp\cache\javacpp-1.5.5-windows-x86_64.jar\org\bytedeco\javacpp\windows-x86_64\api-ms-win-core-processthreads-l1-1-1.dll
0x000001babfe50000 - 0x000001babfe53000 	C:\Users\BD\.javacpp\cache\javacpp-1.5.5-windows-x86_64.jar\org\bytedeco\javacpp\windows-x86_64\api-ms-win-core-file-l1-2-0.dll
0x000001babfe60000 - 0x000001babfe63000 	C:\Users\BD\.javacpp\cache\javacpp-1.5.5-windows-x86_64.jar\org\bytedeco\javacpp\windows-x86_64\api-ms-win-core-profile-l1-1-0.dll
0x000001babfe70000 - 0x000001babfe73000 	C:\Users\BD\.javacpp\cache\javacpp-1.5.5-windows-x86_64.jar\org\bytedeco\javacpp\windows-x86_64\api-ms-win-core-memory-l1-1-0.dll
0x000001babfe80000 - 0x000001babfe83000 	C:\Users\BD\.javacpp\cache\javacpp-1.5.5-windows-x86_64.jar\org\bytedeco\javacpp\windows-x86_64\api-ms-win-core-util-l1-1-0.dll
0x000001babfe90000 - 0x000001babfe93000 	C:\Users\BD\.javacpp\cache\javacpp-1.5.5-windows-x86_64.jar\org\bytedeco\javacpp\windows-x86_64\api-ms-win-core-interlocked-l1-1-0.dll
0x00007ff92f320000 - 0x00007ff92f41a000 	C:\Users\BD\.javacpp\cache\javacpp-1.5.5-windows-x86_64.jar\org\bytedeco\javacpp\windows-x86_64\ucrtbase.dll
0x00007ff92f300000 - 0x00007ff92f315000 	C:\Users\BD\.javacpp\cache\javacpp-1.5.5-windows-x86_64.jar\org\bytedeco\javacpp\windows-x86_64\vcruntime140.dll
0x00007ff934790000 - 0x00007ff93479c000 	C:\Users\BD\.javacpp\cache\javacpp-1.5.5-windows-x86_64.jar\org\bytedeco\javacpp\windows-x86_64\vcruntime140_1.dll
0x00007ff92f260000 - 0x00007ff92f2fb000 	C:\Users\BD\.javacpp\cache\javacpp-1.5.5-windows-x86_64.jar\org\bytedeco\javacpp\windows-x86_64\msvcp140.dll
0x00007ff9345e0000 - 0x00007ff9345e9000 	C:\Users\BD\.javacpp\cache\javacpp-1.5.5-windows-x86_64.jar\org\bytedeco\javacpp\windows-x86_64\msvcp140_1.dll
0x00007ff92f200000 - 0x00007ff92f251000 	C:\Users\BD\.javacpp\cache\javacpp-1.5.5-windows-x86_64.jar\org\bytedeco\javacpp\windows-x86_64\concrt140.dll
0x00007ff92f1d0000 - 0x00007ff92f1f7000 	C:\Users\BD\.javacpp\cache\javacpp-1.5.5-windows-x86_64.jar\org\bytedeco\javacpp\windows-x86_64\vcomp140.dll
0x00007ff9344c0000 - 0x00007ff9344ce000 	C:\Users\BD\.javacpp\cache\javacpp-1.5.5-windows-x86_64.jar\org\bytedeco\javacpp\windows-x86_64\jnijavacpp.dll
0x000000006d7c0000 - 0x000000006f2cd000 	C:\Users\BD\.javacpp\cache\openblas-0.3.13-1.5.5-windows-x86_64.jar\org\bytedeco\openblas\windows-x86_64\libopenblas_nolapack.dll
0x00007ff92f170000 - 0x00007ff92f1cd000 	C:\Users\BD\.javacpp\cache\openblas-0.3.13-1.5.5-windows-x86_64.jar\org\bytedeco\openblas\windows-x86_64\jniopenblas_nolapack.dll
0x0000000000fb0000 - 0x0000000002abd000 	C:\Users\BD\.javacpp\cache\openblas-0.3.13-1.5.5-windows-x86_64.jar\org\bytedeco\openblas\windows-x86_64\libopenblas.dll
0x00007ff8d0760000 - 0x00007ff8d1b54000 	C:\Users\BD\.javacpp\cache\openblas-0.3.13-1.5.5-windows-x86_64.jar\org\bytedeco\openblas\windows-x86_64\jniopenblas.dll
0x00007ff92ed00000 - 0x00007ff92f163000 	C:\Users\BD\.javacpp\cache\opencv-4.5.1-1.5.5-windows-x86_64.jar\org\bytedeco\opencv\windows-x86_64\opencv_core451.dll
0x00007ff92e5e0000 - 0x00007ff92ecf8000 	C:\Users\BD\.javacpp\cache\opencv-4.5.1-1.5.5-windows-x86_64.jar\org\bytedeco\opencv\windows-x86_64\opencv_imgproc451.dll
0x00007ff8e6940000 - 0x00007ff8e6bc3000 	C:\Users\BD\.javacpp\cache\opencv-4.5.1-1.5.5-windows-x86_64.jar\org\bytedeco\opencv\windows-x86_64\jniopencv_core.dll
0x00007ff92e5c0000 - 0x00007ff92e5d6000 	C:\Users\BD\.javacpp\cache\nd4j-native-1.0.0-M1-windows-x86_64.jar\org\nd4j\nativeblas\windows-x86_64\libwinpthread-1.dll
0x00007ff92e5a0000 - 0x00007ff92e5bc000 	C:\Users\BD\.javacpp\cache\nd4j-native-1.0.0-M1-windows-x86_64.jar\org\nd4j\nativeblas\windows-x86_64\libgcc_s_seh-1.dll
0x00007ff92e550000 - 0x00007ff92e592000 	C:\Users\BD\.javacpp\cache\nd4j-native-1.0.0-M1-windows-x86_64.jar\org\nd4j\nativeblas\windows-x86_64\libgomp-1.dll
0x00007ff92e390000 - 0x00007ff92e541000 	C:\Users\BD\.javacpp\cache\nd4j-native-1.0.0-M1-windows-x86_64.jar\org\nd4j\nativeblas\windows-x86_64\libstdc++-6.dll
0x00007ff8c21c0000 - 0x00007ff8cb8fc000 	C:\Users\BD\.javacpp\cache\nd4j-native-1.0.0-M1-windows-x86_64.jar\org\nd4j\nativeblas\windows-x86_64\libnd4jcpu.dll
0x00007ff8e0300000 - 0x00007ff8e05b0000 	C:\Users\BD\.javacpp\cache\nd4j-native-1.0.0-M1-windows-x86_64.jar\org\nd4j\nativeblas\windows-x86_64\jnind4jcpu.dll
0x00007ff940880000 - 0x00007ff9408b3000 	C:\Windows\system32\rsaenh.dll
0x00007ff9415e0000 - 0x00007ff941606000 	C:\Windows\System32\bcrypt.dll
0x00007ff941410000 - 0x00007ff941439000 	C:\Windows\SYSTEM32\USERENV.dll
0x00007ff940ec0000 - 0x00007ff940ecc000 	C:\Windows\SYSTEM32\CRYPTBASE.dll
0x00007ff940a10000 - 0x00007ff940a4d000 	C:\Windows\SYSTEM32\IPHLPAPI.DLL
0x00007ff942d80000 - 0x00007ff942d88000 	C:\Windows\System32\NSI.dll
0x00007ff936620000 - 0x00007ff936636000 	C:\Windows\SYSTEM32\dhcpcsvc6.DLL
0x00007ff9367c0000 - 0x00007ff9367dc000 	C:\Windows\SYSTEM32\dhcpcsvc.DLL
0x00007ff940a50000 - 0x00007ff940b16000 	C:\Windows\SYSTEM32\DNSAPI.dll
0x00007ff931ee0000 - 0x00007ff931eed000 	C:\Program Files\Java\jdk1.8.0_291\jre\bin\management.dll
0x00007ff93ab50000 - 0x00007ff93ab66000 	C:\Windows\system32\napinsp.dll
0x00007ff93ab30000 - 0x00007ff93ab4a000 	C:\Windows\system32\pnrpnsp.dll
0x00007ff93ab20000 - 0x00007ff93ab2e000 	C:\Windows\System32\winrnr.dll
0x00007ff93d970000 - 0x00007ff93d98b000 	C:\Windows\system32\NLAapi.dll
0x00007ff9367e0000 - 0x00007ff9367f5000 	C:\Windows\system32\wshbth.dll
0x00007ff92f9e0000 - 0x00007ff92f9ea000 	C:\Windows\System32\rasadhlp.dll
0x00007ff92c1d0000 - 0x00007ff92c249000 	C:\Windows\System32\fwpuclnt.dll
0x00007ff9225d0000 - 0x00007ff9226f1000 	C:\Users\BD\.javacpp\cache\opencv-4.5.1-1.5.5-windows-x86_64.jar\org\bytedeco\opencv\windows-x86_64\jniopencv_imgproc.dll
0x00007ff8c1da0000 - 0x00007ff8c21b8000 	C:\Users\BD\.javacpp\cache\opencv-4.5.1-1.5.5-windows-x86_64.jar\org\bytedeco\opencv\windows-x86_64\opencv_imgcodecs451.dll
0x00007ff92e2d0000 - 0x00007ff92e300000 	C:\Users\BD\.javacpp\cache\opencv-4.5.1-1.5.5-windows-x86_64.jar\org\bytedeco\opencv\windows-x86_64\jniopencv_imgcodecs.dll
0x00007ff93f860000 - 0x00007ff93fa4d000 	C:\Windows\SYSTEM32\dbghelp.dll

VM Arguments:
jvm_args: -Dfile.encoding=UTF-8 
java_command: com.derhourhi.CNNModelMNIST
java_class_path (initial): C:\Users\BD\AppData\Local\Temp\cp_21pq3vobl1k6rnd5ldkdwwdit.jar
Launcher Type: SUN_STANDARD

Environment Variables:
JAVA_HOME=C:\Program Files\Java\jdk1.8.0_291
PATH=C:\Program Files\Java\jdk1.8.0_291\bin;C:\Program Files\Common Files\Oracle\Java\javapath;C:\Program Files (x86)\Common Files\Oracle\Java\javapath;C:\Windows\system32;C:\Windows;C:\Windows\System32\Wbem;C:\Windows\System32\WindowsPowerShell\v1.0\;C:\Windows\System32\OpenSSH\;E:\flutter\bin;C:\Program Files\Git\cmd;C:\Users\BD\AppData\Local\Programs\Python\Python39\Scripts\;C:\Users\BD\AppData\Local\Programs\Python\Python39\;C:\Users\BD\AppData\Local\Microsoft\WindowsApps;E:\flutter\bin;C:\Users\BD\AppData\Local\Programs\Microsoft VS Code\bin;C:\Users\BD\Downloads\ADB_AppControl_162\adb;
USERNAME=BD
OS=Windows_NT
PROCESSOR_IDENTIFIER=Intel64 Family 6 Model 142 Stepping 10, GenuineIntel



---------------  S Y S T E M  ---------------

OS: Windows 10.0 , 64 bit Build 17763 (10.0.17763.1879)

CPU:total 8 (initial active 8) (4 cores per cpu, 2 threads per core) family 6 model 142 stepping 10, cmov, cx8, fxsr, mmx, sse, sse2, sse3, ssse3, sse4.1, sse4.2, popcnt, avx, avx2, aes, clmul, erms, 3dnowpref, lzcnt, ht, tsc, tscinvbit, bmi1, bmi2, adx

Memory: 4k page, physical 8249904k(902800k free), swap 12895164k(12112k free)

vm_info: Java HotSpot(TM) 64-Bit Server VM (25.291-b10) for windows-amd64 JRE (1.8.0_291-b10), built on Apr  9 2021 00:02:00 by "java_re" with MS VC++ 15.9 (VS2017)

time: Sun May 30 11:30:19 2021
timezone: Romance Standard Time
elapsed time: 8.903511 seconds (0d 0h 0m 8s)

